Using pre-set license
Built from '2020.3/staging' branch; Version is '2020.3.20f1 (41c4e627c95f) revision 4310246'; Using compiler version '192528614'; Build Type 'Release'
OS: 'Windows 10 Home; OS build 18363.1556; Version 1909; 64bit' Language: 'es' Physical Memory: 8090 MB
BatchMode: 1, IsHumanControllingUs: 0, StartBugReporterOnCrash: 0, Is64bit: 1, IsPro: 0

COMMAND LINE ARGUMENTS:
C:\Program Files\Unity\Hub\Editor\2020.3.20f1\Editor\Unity.exe
-adb2
-batchMode
-noUpm
-name
AssetImportWorker1
-projectPath
C:/Users/Rowen/Documents/GitHub/entregable-8/Entregable 8
-logFile
Logs/AssetImportWorker1.log
-srvPort
56632
Successfully changed project path to: C:/Users/Rowen/Documents/GitHub/entregable-8/Entregable 8
C:/Users/Rowen/Documents/GitHub/entregable-8/Entregable 8
Using Asset Import Pipeline V2.
Refreshing native plugins compatible for Editor in 41.68 ms, found 2 plugins.
Preloading 0 native plugins for Editor in 0.00 ms.
Initialize engine version: 2020.3.20f1 (41c4e627c95f)
[Subsystems] Discovering subsystems at path C:/Program Files/Unity/Hub/Editor/2020.3.20f1/Editor/Data/Resources/UnitySubsystems
[Subsystems] Discovering subsystems at path C:/Users/Rowen/Documents/GitHub/entregable-8/Entregable 8/Assets
GfxDevice: creating device client; threaded=0
Direct3D:
    Version:  Direct3D 11.0 [level 11.0]
    Renderer: NVIDIA GeForce GTX 960M (ID=0x139b)
    Vendor:   
    VRAM:     2010 MB
    Driver:   30.0.15.1179
Initialize mono
Mono path[0] = 'C:/Program Files/Unity/Hub/Editor/2020.3.20f1/Editor/Data/Managed'
Mono path[1] = 'C:/Program Files/Unity/Hub/Editor/2020.3.20f1/Editor/Data/MonoBleedingEdge/lib/mono/unityjit'
Mono config path = 'C:/Program Files/Unity/Hub/Editor/2020.3.20f1/Editor/Data/MonoBleedingEdge/etc'
Using monoOptions --debugger-agent=transport=dt_socket,embedding=1,server=y,suspend=n,address=127.0.0.1:56192
Begin MonoManager ReloadAssembly
Registering precompiled unity dll's ...
Register platform support module: C:/Program Files/Unity/Hub/Editor/2020.3.20f1/Editor/Data/PlaybackEngines/WindowsStandaloneSupport/UnityEditor.WindowsStandalone.Extensions.dll
Registered in 0.003172 seconds.
Native extension for WindowsStandalone target not found
Refreshing native plugins compatible for Editor in 34.20 ms, found 2 plugins.
Preloading 0 native plugins for Editor in 0.00 ms.
Mono: successfully reloaded assembly
- Completed reload, in  1.621 seconds
Domain Reload Profiling:
	ReloadAssembly (1621ms)
		BeginReloadAssembly (78ms)
			ExecutionOrderSort (0ms)
			DisableScriptedObjects (0ms)
			BackupInstance (0ms)
			ReleaseScriptingObjects (0ms)
			CreateAndSetChildDomain (1ms)
		EndReloadAssembly (556ms)
			LoadAssemblies (74ms)
			RebuildTransferFunctionScriptingTraits (0ms)
			SetupTypeCache (239ms)
			ReleaseScriptCaches (0ms)
			RebuildScriptCaches (44ms)
			SetupLoadedEditorAssemblies (184ms)
				LogAssemblyErrors (0ms)
				InitializePlatformSupportModulesInManaged (6ms)
				SetLoadedEditorAssemblies (0ms)
				RefreshPlugins (34ms)
				BeforeProcessingInitializeOnLoad (9ms)
				ProcessInitializeOnLoadAttributes (97ms)
				ProcessInitializeOnLoadMethodAttributes (37ms)
				AfterProcessingInitializeOnLoad (0ms)
				EditorAssembliesLoaded (0ms)
			ExecutionOrderSort2 (0ms)
			AwakeInstancesAfterBackupRestoration (0ms)
Platform modules already initialized, skipping
Registering precompiled user dll's ...
Registered in 0.005273 seconds.
Begin MonoManager ReloadAssembly
Native extension for WindowsStandalone target not found
Refreshing native plugins compatible for Editor in 0.46 ms, found 2 plugins.
Preloading 0 native plugins for Editor in 0.00 ms.
Mono: successfully reloaded assembly
- Completed reload, in  2.059 seconds
Domain Reload Profiling:
	ReloadAssembly (2060ms)
		BeginReloadAssembly (215ms)
			ExecutionOrderSort (0ms)
			DisableScriptedObjects (6ms)
			BackupInstance (0ms)
			ReleaseScriptingObjects (0ms)
			CreateAndSetChildDomain (25ms)
		EndReloadAssembly (1720ms)
			LoadAssemblies (134ms)
			RebuildTransferFunctionScriptingTraits (0ms)
			SetupTypeCache (644ms)
			ReleaseScriptCaches (0ms)
			RebuildScriptCaches (99ms)
			SetupLoadedEditorAssemblies (637ms)
				LogAssemblyErrors (0ms)
				InitializePlatformSupportModulesInManaged (8ms)
				SetLoadedEditorAssemblies (1ms)
				RefreshPlugins (1ms)
				BeforeProcessingInitializeOnLoad (110ms)
				ProcessInitializeOnLoadAttributes (488ms)
				ProcessInitializeOnLoadMethodAttributes (16ms)
				AfterProcessingInitializeOnLoad (14ms)
				EditorAssembliesLoaded (0ms)
			ExecutionOrderSort2 (0ms)
			AwakeInstancesAfterBackupRestoration (10ms)
Platform modules already initialized, skipping
========================================================================
Worker process is ready to serve import requests
Launched and connected shader compiler UnityShaderCompiler.exe after 0.28 seconds
Refreshing native plugins compatible for Editor in 0.54 ms, found 2 plugins.
Preloading 0 native plugins for Editor in 0.00 ms.
Unloading 1400 Unused Serialized files (Serialized files now loaded: 0)
System memory in use before: 64.9 MB.
System memory in use after: 65.0 MB.

Unloading 16 unused Assets to reduce memory usage. Loaded Objects now: 1835.
Total: 4.414500 ms (FindLiveObjects: 0.170200 ms CreateObjectMapping: 0.057300 ms MarkObjects: 3.966900 ms  DeleteObjects: 0.217500 ms)

AssetImportParameters requested are different than current active one (requested -> active):
  custom:framework-win-MediaFoundation: 216162199b28c13a410421893ffa2e32 -> 
  custom:video-decoder-ogg-theora: a1e56fd34408186e4bbccfd4996cb3dc -> 
  custom:container-muxer-webm: aa71ff27fc2769a1b78a27578f13a17b -> 
  custom:container-demuxer-webm: 4f35f7cbe854078d1ac9338744f61a02 -> 
  custom:container-demuxer-ogg: 62fdf1f143b41e24485cea50d1cbac27 -> 
  custom:video-encoder-webm-vp8: eb34c28f22e8b96e1ab97ce403110664 -> 
  custom:video-codec-MediaFoundation-h265: 746d11721c4dcdbdad8f713fa42b33f4 -> 
  custom:video-decoder-webm-vp8: 9c59270c3fd7afecdb556c50c9e8de78 -> 
  custom:audio-decoder-ogg-vorbis: bf7c407c2cedff20999df2af8eb42d56 -> 
  custom:audio-encoder-webm-vorbis: bf7c407c2cedff20999df2af8eb42d56 -> 
========================================================================
Received Prepare
Registering precompiled user dll's ...
Registered in 0.005279 seconds.
Begin MonoManager ReloadAssembly
Native extension for WindowsStandalone target not found
Refreshing native plugins compatible for Editor in 0.34 ms, found 2 plugins.
Preloading 0 native plugins for Editor in 0.00 ms.
Mono: successfully reloaded assembly
- Completed reload, in  1.977 seconds
Domain Reload Profiling:
	ReloadAssembly (1978ms)
		BeginReloadAssembly (200ms)
			ExecutionOrderSort (0ms)
			DisableScriptedObjects (10ms)
			BackupInstance (0ms)
			ReleaseScriptingObjects (0ms)
			CreateAndSetChildDomain (47ms)
		EndReloadAssembly (1671ms)
			LoadAssemblies (802ms)
			RebuildTransferFunctionScriptingTraits (0ms)
			SetupTypeCache (319ms)
			ReleaseScriptCaches (1ms)
			RebuildScriptCaches (45ms)
			SetupLoadedEditorAssemblies (400ms)
				LogAssemblyErrors (0ms)
				InitializePlatformSupportModulesInManaged (7ms)
				SetLoadedEditorAssemblies (0ms)
				RefreshPlugins (0ms)
				BeforeProcessingInitializeOnLoad (71ms)
				ProcessInitializeOnLoadAttributes (303ms)
				ProcessInitializeOnLoadMethodAttributes (5ms)
				AfterProcessingInitializeOnLoad (12ms)
				EditorAssembliesLoaded (0ms)
			ExecutionOrderSort2 (0ms)
			AwakeInstancesAfterBackupRestoration (8ms)
Platform modules already initialized, skipping
Refreshing native plugins compatible for Editor in 0.39 ms, found 2 plugins.
Preloading 0 native plugins for Editor in 0.00 ms.
Unloading 1394 Unused Serialized files (Serialized files now loaded: 0)
System memory in use before: 64.7 MB.
System memory in use after: 64.8 MB.

Unloading 11 unused Assets to reduce memory usage. Loaded Objects now: 1837.
Total: 4.779200 ms (FindLiveObjects: 0.241000 ms CreateObjectMapping: 0.062700 ms MarkObjects: 4.447300 ms  DeleteObjects: 0.026400 ms)

AssetImportParameters requested are different than current active one (requested -> active):
  custom:framework-win-MediaFoundation: 216162199b28c13a410421893ffa2e32 -> 
  custom:video-decoder-ogg-theora: a1e56fd34408186e4bbccfd4996cb3dc -> 
  custom:container-muxer-webm: aa71ff27fc2769a1b78a27578f13a17b -> 
  custom:container-demuxer-webm: 4f35f7cbe854078d1ac9338744f61a02 -> 
  custom:container-demuxer-ogg: 62fdf1f143b41e24485cea50d1cbac27 -> 
  custom:video-encoder-webm-vp8: eb34c28f22e8b96e1ab97ce403110664 -> 
  custom:video-codec-MediaFoundation-h265: 746d11721c4dcdbdad8f713fa42b33f4 -> 
  custom:video-decoder-webm-vp8: 9c59270c3fd7afecdb556c50c9e8de78 -> 
  custom:audio-decoder-ogg-vorbis: bf7c407c2cedff20999df2af8eb42d56 -> 
  custom:audio-encoder-webm-vorbis: bf7c407c2cedff20999df2af8eb42d56 -> 
========================================================================
Received Import Request.
  path: Assets/Scripts/AudioManager.cs
  artifactKey: Guid(bc5b92236c6301849ba5efcf8fa8874e) Importer(815301076,1909f56bfc062723c751e8b465ee728b)
Start importing Assets/Scripts/AudioManager.cs using Guid(bc5b92236c6301849ba5efcf8fa8874e) Importer(815301076,1909f56bfc062723c751e8b465ee728b)  -> (artifact id: 'e9f84087591f812de8a3d8aeba9074a1') in 0.178118 seconds 
  Import took 0.207050 seconds .

========================================================================
Received Prepare
Registering precompiled user dll's ...
Registered in 0.366226 seconds.
Begin MonoManager ReloadAssembly
Native extension for WindowsStandalone target not found
Refreshing native plugins compatible for Editor in 0.31 ms, found 2 plugins.
Preloading 0 native plugins for Editor in 0.00 ms.
Mono: successfully reloaded assembly
- Completed reload, in  1.388 seconds
Domain Reload Profiling:
	ReloadAssembly (1394ms)
		BeginReloadAssembly (275ms)
			ExecutionOrderSort (0ms)
			DisableScriptedObjects (20ms)
			BackupInstance (0ms)
			ReleaseScriptingObjects (0ms)
			CreateAndSetChildDomain (115ms)
		EndReloadAssembly (996ms)
			LoadAssemblies (174ms)
			RebuildTransferFunctionScriptingTraits (0ms)
			SetupTypeCache (354ms)
			ReleaseScriptCaches (1ms)
			RebuildScriptCaches (46ms)
			SetupLoadedEditorAssemblies (336ms)
				LogAssemblyErrors (0ms)
				InitializePlatformSupportModulesInManaged (7ms)
				SetLoadedEditorAssemblies (0ms)
				RefreshPlugins (0ms)
				BeforeProcessingInitializeOnLoad (64ms)
				ProcessInitializeOnLoadAttributes (247ms)
				ProcessInitializeOnLoadMethodAttributes (5ms)
				AfterProcessingInitializeOnLoad (11ms)
				EditorAssembliesLoaded (0ms)
			ExecutionOrderSort2 (0ms)
			AwakeInstancesAfterBackupRestoration (7ms)
Platform modules already initialized, skipping
Refreshing native plugins compatible for Editor in 0.70 ms, found 2 plugins.
Preloading 0 native plugins for Editor in 0.00 ms.
Unloading 1407 Unused Serialized files (Serialized files now loaded: 0)
System memory in use before: 66.9 MB.
System memory in use after: 66.4 MB.

Unloading 24 unused Assets to reduce memory usage. Loaded Objects now: 1839.
Total: 5.301400 ms (FindLiveObjects: 0.207900 ms CreateObjectMapping: 0.061900 ms MarkObjects: 4.048200 ms  DeleteObjects: 0.980900 ms)

AssetImportParameters requested are different than current active one (requested -> active):
  custom:framework-win-MediaFoundation: 216162199b28c13a410421893ffa2e32 -> 
  custom:video-decoder-ogg-theora: a1e56fd34408186e4bbccfd4996cb3dc -> 
  custom:container-muxer-webm: aa71ff27fc2769a1b78a27578f13a17b -> 
  custom:container-demuxer-webm: 4f35f7cbe854078d1ac9338744f61a02 -> 
  custom:container-demuxer-ogg: 62fdf1f143b41e24485cea50d1cbac27 -> 
  custom:video-encoder-webm-vp8: eb34c28f22e8b96e1ab97ce403110664 -> 
  custom:video-codec-MediaFoundation-h265: 746d11721c4dcdbdad8f713fa42b33f4 -> 
  custom:video-decoder-webm-vp8: 9c59270c3fd7afecdb556c50c9e8de78 -> 
  custom:audio-decoder-ogg-vorbis: bf7c407c2cedff20999df2af8eb42d56 -> 
  custom:audio-encoder-webm-vorbis: bf7c407c2cedff20999df2af8eb42d56 -> 
========================================================================
Received Import Request.
  Time since last request: 3703.708875 seconds.
  path: Assets/Scenes/SampleScene.unity
  artifactKey: Guid(9fc0d4010bbf28b4594072e72b8655ab) Importer(815301076,1909f56bfc062723c751e8b465ee728b)
Start importing Assets/Scenes/SampleScene.unity using Guid(9fc0d4010bbf28b4594072e72b8655ab) Importer(815301076,1909f56bfc062723c751e8b465ee728b)  -> (artifact id: '85059f4f9e1a832ed95adaa0d25c5c4c') in 0.524547 seconds 
  Import took 0.582678 seconds .

========================================================================
Received Import Request.
  Time since last request: 9.656454 seconds.
  path: Assets/Scenes/Entregable 8.unity
  artifactKey: Guid(9fc0d4010bbf28b4594072e72b8655ab) Importer(815301076,1909f56bfc062723c751e8b465ee728b)
Start importing Assets/Scenes/Entregable 8.unity using Guid(9fc0d4010bbf28b4594072e72b8655ab) Importer(815301076,1909f56bfc062723c751e8b465ee728b)  -> (artifact id: 'af506d940ccb6e45f67b374c763a8a33') in 0.041729 seconds 
  Import took 0.053519 seconds .

========================================================================
Received Import Request.
  Time since last request: 10.765773 seconds.
  path: Assets/Scripts/AudioManager.cs
  artifactKey: Guid(bc5b92236c6301849ba5efcf8fa8874e) Importer(815301076,1909f56bfc062723c751e8b465ee728b)
Start importing Assets/Scripts/AudioManager.cs using Guid(bc5b92236c6301849ba5efcf8fa8874e) Importer(815301076,1909f56bfc062723c751e8b465ee728b)  -> (artifact id: '42b9a5e95856c8bc94e4a231cd229a20') in 0.018905 seconds 
  Import took 0.030893 seconds .

========================================================================
Received Import Request.
  Time since last request: 84.540812 seconds.
  path: Assets/TextMesh Pro/Fonts/LiberationSans.ttf
  artifactKey: Guid(e3265ab4bf004d28a9537516768c1c75) Importer(815301076,1909f56bfc062723c751e8b465ee728b)
Start importing Assets/TextMesh Pro/Fonts/LiberationSans.ttf using Guid(e3265ab4bf004d28a9537516768c1c75) Importer(815301076,1909f56bfc062723c751e8b465ee728b)  -> (artifact id: 'bdddd331c3f1b7826858a8d92db67e39') in 1.538926 seconds 
  Import took 1.552860 seconds .

========================================================================
Received Import Request.
  Time since last request: 0.000263 seconds.
  path: Assets/TextMesh Pro/Resources/Fonts & Materials/LiberationSans SDF - Outline.mat
  artifactKey: Guid(79459efec17a4d00a321bdcc27bbc385) Importer(815301076,1909f56bfc062723c751e8b465ee728b)
Start importing Assets/TextMesh Pro/Resources/Fonts & Materials/LiberationSans SDF - Outline.mat using Guid(79459efec17a4d00a321bdcc27bbc385) Importer(815301076,1909f56bfc062723c751e8b465ee728b)  -> (artifact id: '289988fcecf3b00d1602f8d2b589f7dd') in 0.510541 seconds 
  Import took 0.531508 seconds .

========================================================================
Received Import Request.
  Time since last request: 0.000427 seconds.
  path: Assets/TextMesh Pro/Resources/Fonts & Materials/LiberationSans SDF - Fallback.asset
  artifactKey: Guid(2e498d1c8094910479dc3e1b768306a4) Importer(815301076,1909f56bfc062723c751e8b465ee728b)
Start importing Assets/TextMesh Pro/Resources/Fonts & Materials/LiberationSans SDF - Fallback.asset using Guid(2e498d1c8094910479dc3e1b768306a4) Importer(815301076,1909f56bfc062723c751e8b465ee728b)  -> (artifact id: 'b8c2210586957436df79bf961aeff06e') in 0.158021 seconds 
  Import took 0.184109 seconds .

========================================================================
Received Import Request.
  Time since last request: 0.000294 seconds.
  path: Assets/TextMesh Pro/Resources/Fonts & Materials/LiberationSans SDF - Drop Shadow.mat
  artifactKey: Guid(e73a58f6e2794ae7b1b7e50b7fb811b0) Importer(815301076,1909f56bfc062723c751e8b465ee728b)
Start importing Assets/TextMesh Pro/Resources/Fonts & Materials/LiberationSans SDF - Drop Shadow.mat using Guid(e73a58f6e2794ae7b1b7e50b7fb811b0) Importer(815301076,1909f56bfc062723c751e8b465ee728b)  -> (artifact id: 'ca0d2861f60500f05bd29199894f7bb5') in 0.135248 seconds 
  Import took 0.141316 seconds .

========================================================================
Received Import Request.
  Time since last request: 0.000402 seconds.
  path: Assets/TextMesh Pro/Resources/Fonts & Materials/LiberationSans SDF.asset
  artifactKey: Guid(8f586378b4e144a9851e7b34d9b748ee) Importer(815301076,1909f56bfc062723c751e8b465ee728b)
Start importing Assets/TextMesh Pro/Resources/Fonts & Materials/LiberationSans SDF.asset using Guid(8f586378b4e144a9851e7b34d9b748ee) Importer(815301076,1909f56bfc062723c751e8b465ee728b)  -> (artifact id: 'f1280cc7be10b532b2897fc8654f95d3') in 0.066996 seconds 
  Import took 0.070063 seconds .

========================================================================
Received Import Request.
  Time since last request: 119.790250 seconds.
  path: Assets/Scenes
  artifactKey: Guid(783dd47aa37c93342b1039373eba809c) Importer(815301076,1909f56bfc062723c751e8b465ee728b)
Start importing Assets/Scenes using Guid(783dd47aa37c93342b1039373eba809c) Importer(815301076,1909f56bfc062723c751e8b465ee728b)  -> (artifact id: '99b2b995c0838c30693e1865a8c72fdd') in 0.019920 seconds 
  Import took 0.036379 seconds .

========================================================================
Received Import Request.
  Time since last request: 2.120469 seconds.
  path: Assets
  artifactKey: Guid(00000000000000001000000000000000) Importer(815301076,1909f56bfc062723c751e8b465ee728b)
Start importing Assets using Guid(00000000000000001000000000000000) Importer(815301076,1909f56bfc062723c751e8b465ee728b)  -> (artifact id: '42d402b061de3733987d63b9cc3b64de') in 0.012929 seconds 
  Import took 0.016232 seconds .

========================================================================
Received Import Request.
  Time since last request: 3.968816 seconds.
  path: Assets/Mu.cs
  artifactKey: Guid(024fc53d43fb8c640ac8bd6f6e4f0425) Importer(815301076,1909f56bfc062723c751e8b465ee728b)
Start importing Assets/Mu.cs using Guid(024fc53d43fb8c640ac8bd6f6e4f0425) Importer(815301076,1909f56bfc062723c751e8b465ee728b)  -> (artifact id: '0dc248aef9b6d86baa4caf9b61535d44') in 0.009544 seconds 
  Import took 0.051291 seconds .

========================================================================
Received Import Request.
  Time since last request: 7.139360 seconds.
  path: Assets/Music
  artifactKey: Guid(e1e49dae002e85d4eb4e7d6d462ce678) Importer(815301076,1909f56bfc062723c751e8b465ee728b)
Start importing Assets/Music using Guid(e1e49dae002e85d4eb4e7d6d462ce678) Importer(815301076,1909f56bfc062723c751e8b465ee728b)  -> (artifact id: '21319111c8f304c6348e8bf646554e0d') in 0.011604 seconds 
  Import took 0.056890 seconds .

========================================================================
Received Import Request.
  Time since last request: 15.968758 seconds.
  path: Assets/ICons
  artifactKey: Guid(6535c2a38a29cfe4da5b7c033990dcc7) Importer(815301076,1909f56bfc062723c751e8b465ee728b)
Start importing Assets/ICons using Guid(6535c2a38a29cfe4da5b7c033990dcc7) Importer(815301076,1909f56bfc062723c751e8b465ee728b)  -> (artifact id: 'aaf86ffb09f5a983a18eab3f9b476bda') in 0.011688 seconds 
  Import took 0.016756 seconds .

========================================================================
Received Import Request.
  Time since last request: 6.810300 seconds.
  path: Assets/Icons
  artifactKey: Guid(6535c2a38a29cfe4da5b7c033990dcc7) Importer(815301076,1909f56bfc062723c751e8b465ee728b)
Start importing Assets/Icons using Guid(6535c2a38a29cfe4da5b7c033990dcc7) Importer(815301076,1909f56bfc062723c751e8b465ee728b)  -> (artifact id: '4fe56df1aa3972b65f3e1196d201111f') in 0.009541 seconds 
  Import took 0.029851 seconds .

========================================================================
Received Import Request.
  Time since last request: 1026.116990 seconds.
  path: Assets/Icons/pngwing.com.png
  artifactKey: Guid(722e7800ba4540747abcd3b6297768d8) Importer(815301076,1909f56bfc062723c751e8b465ee728b)
Start importing Assets/Icons/pngwing.com.png using Guid(722e7800ba4540747abcd3b6297768d8) Importer(815301076,1909f56bfc062723c751e8b465ee728b)  -> (artifact id: '8c6d3af54da9f50600b6059a410e1890') in 0.149343 seconds 
  Import took 0.162766 seconds .

========================================================================
Received Import Request.
  Time since last request: 7.048927 seconds.
  path: Assets/Icons/pngwing.com (1).png
  artifactKey: Guid(a2dbf3f6106b7d34d877a79d875f2afe) Importer(815301076,1909f56bfc062723c751e8b465ee728b)
Start importing Assets/Icons/pngwing.com (1).png using Guid(a2dbf3f6106b7d34d877a79d875f2afe) Importer(815301076,1909f56bfc062723c751e8b465ee728b)  -> (artifact id: '6f5c3b3cbf6183539e8ca23afcee73e3') in 0.041960 seconds 
  Import took 0.045732 seconds .

========================================================================
Received Import Request.
  Time since last request: 5.415517 seconds.
  path: Assets/Icons/e37d140289590d24b729be9f173ed97a.png
  artifactKey: Guid(f6869f75aecb75942814b934fc6ffbc4) Importer(815301076,1909f56bfc062723c751e8b465ee728b)
Start importing Assets/Icons/e37d140289590d24b729be9f173ed97a.png using Guid(f6869f75aecb75942814b934fc6ffbc4) Importer(815301076,1909f56bfc062723c751e8b465ee728b)  -> (artifact id: '7042936f07c83cdf3ef27a0e3b4ab10a') in 0.051400 seconds 
  Import took 0.067455 seconds .

========================================================================
Received Import Request.
  Time since last request: 7.398275 seconds.
  path: Assets/Icons/pngwing.com (2).png
  artifactKey: Guid(ea5fba58cf4525544ad733a3a755819d) Importer(815301076,1909f56bfc062723c751e8b465ee728b)
Start importing Assets/Icons/pngwing.com (2).png using Guid(ea5fba58cf4525544ad733a3a755819d) Importer(815301076,1909f56bfc062723c751e8b465ee728b)  -> (artifact id: 'a2924fce3b98374ecea56d54a412366e') in 0.048207 seconds 
  Import took 0.071814 seconds .

========================================================================
Received Import Request.
  Time since last request: 13.946857 seconds.
  path: Assets/Icons/pngwing.com (3).png
  artifactKey: Guid(5e41c3eb65a7a0746b890701486e1467) Importer(815301076,1909f56bfc062723c751e8b465ee728b)
Start importing Assets/Icons/pngwing.com (3).png using Guid(5e41c3eb65a7a0746b890701486e1467) Importer(815301076,1909f56bfc062723c751e8b465ee728b)  -> (artifact id: '3c78af405ade2e6dc7163cd55854881a') in 0.046293 seconds 
  Import took 0.049729 seconds .

========================================================================
Received Import Request.
  Time since last request: 13.829915 seconds.
  path: Assets/Icons/e37d140289590d24b729be9f173ed97a 1.png
  artifactKey: Guid(eb7154a79ceefb4489310d53c309106c) Importer(815301076,1909f56bfc062723c751e8b465ee728b)
Start importing Assets/Icons/e37d140289590d24b729be9f173ed97a 1.png using Guid(eb7154a79ceefb4489310d53c309106c) Importer(815301076,1909f56bfc062723c751e8b465ee728b)  -> (artifact id: '812fb5dc1b2eaa9322e4f2d3e4c14ab7') in 0.058735 seconds 
  Import took 0.063596 seconds .

========================================================================
Received Import Request.
  Time since last request: 488.217354 seconds.
  path: Assets/Music/Gurenge (TV Version).mp3
  artifactKey: Guid(67b52881563c78b49a631120f1132c1a) Importer(815301076,1909f56bfc062723c751e8b465ee728b)
Start importing Assets/Music/Gurenge (TV Version).mp3 using Guid(67b52881563c78b49a631120f1132c1a) Importer(815301076,1909f56bfc062723c751e8b465ee728b)  -> (artifact id: 'e4a4e6d6374bde4d37765c0c5d98077a') in 0.027793 seconds 
  Import took 0.031273 seconds .

========================================================================
Received Import Request.
  Time since last request: 126.201210 seconds.
  path: Assets/Audios/videoplayback.m4a
  artifactKey: Guid(2d3f5e3b04c08424182b9b5415ddc9b4) Importer(815301076,1909f56bfc062723c751e8b465ee728b)
Start importing Assets/Audios/videoplayback.m4a using Guid(2d3f5e3b04c08424182b9b5415ddc9b4) Importer(815301076,1909f56bfc062723c751e8b465ee728b)  -> (artifact id: '9be660fedb1b093d2f3c6a4f8b84c275') in 0.026643 seconds 
  Import took 0.043501 seconds .

========================================================================
Received Import Request.
  Time since last request: 54.422330 seconds.
  path: Assets/Audios/TVアニメ『東京リベンジャーズ』ノンクレジットOP【Official髭男dism「Cry Baby」】.mp3
  artifactKey: Guid(d266378dbe3fd4446a08b0b837521511) Importer(815301076,1909f56bfc062723c751e8b465ee728b)
Start importing Assets/Audios/TVアニメ『東京リベンジャーズ』ノンクレジットOP【Official髭男dism「Cry Baby」】.mp3 using Guid(d266378dbe3fd4446a08b0b837521511) Importer(815301076,1909f56bfc062723c751e8b465ee728b)  -> (artifact id: 'd229133c2714d816911ddebc540a8cc9') in 0.293195 seconds 
  Import took 0.297083 seconds .

========================================================================
Received Import Request.
  Time since last request: 22.292986 seconds.
  path: Assets/Audios/Cry Baby.mp3
  artifactKey: Guid(d266378dbe3fd4446a08b0b837521511) Importer(815301076,1909f56bfc062723c751e8b465ee728b)
Start importing Assets/Audios/Cry Baby.mp3 using Guid(d266378dbe3fd4446a08b0b837521511) Importer(815301076,1909f56bfc062723c751e8b465ee728b)  -> (artifact id: 'c709245ca3e04730b32501466dc7cdcd') in 0.034835 seconds 
  Import took 0.039041 seconds .

========================================================================
Received Import Request.
  Time since last request: 50.731488 seconds.
  path: Assets/Audios/Gurenge (TV Version) (2).mp3
  artifactKey: Guid(0ed6861f8f092144bb8529e34d9f25d8) Importer(815301076,1909f56bfc062723c751e8b465ee728b)
Start importing Assets/Audios/Gurenge (TV Version) (2).mp3 using Guid(0ed6861f8f092144bb8529e34d9f25d8) Importer(815301076,1909f56bfc062723c751e8b465ee728b)  -> (artifact id: '92ec056e48f0a0968d4a53e485573bc8') in 0.124908 seconds 
  Import took 0.129793 seconds .

========================================================================
Received Import Request.
  Time since last request: 19.189236 seconds.
  path: Assets/Audios/Gurenge - LiSA.mp3
  artifactKey: Guid(0ed6861f8f092144bb8529e34d9f25d8) Importer(815301076,1909f56bfc062723c751e8b465ee728b)
Start importing Assets/Audios/Gurenge - LiSA.mp3 using Guid(0ed6861f8f092144bb8529e34d9f25d8) Importer(815301076,1909f56bfc062723c751e8b465ee728b)  -> (artifact id: 'ca2c67171e028260e829d8da4fa87cd5') in 0.047736 seconds 
  Import took 0.051973 seconds .

========================================================================
Received Import Request.
  Time since last request: 36.007278 seconds.
  path: Assets/Audios/Cry Baby - Official Hige Dandism.mp3
  artifactKey: Guid(d266378dbe3fd4446a08b0b837521511) Importer(815301076,1909f56bfc062723c751e8b465ee728b)
Start importing Assets/Audios/Cry Baby - Official Hige Dandism.mp3 using Guid(d266378dbe3fd4446a08b0b837521511) Importer(815301076,1909f56bfc062723c751e8b465ee728b)  -> (artifact id: '4dd92afa4ba9267b8fd209ed541aed4a') in 0.043239 seconds 
  Import took 0.048474 seconds .

========================================================================
Received Import Request.
  Time since last request: 134.472637 seconds.
  path: Assets/Audios/Fullmetal Alchemist Brotherhood Creditless OP 1 1080p.mp3
  artifactKey: Guid(4f5be70f9ff32404aa0d72a43d301ad4) Importer(815301076,1909f56bfc062723c751e8b465ee728b)
Start importing Assets/Audios/Fullmetal Alchemist Brotherhood Creditless OP 1 1080p.mp3 using Guid(4f5be70f9ff32404aa0d72a43d301ad4) Importer(815301076,1909f56bfc062723c751e8b465ee728b)  -> (artifact id: '3143fac3f06cf14409fea89c05615b1f') in 0.122911 seconds 
  Import took 0.135159 seconds .

========================================================================
Received Import Request.
  Time since last request: 58.946561 seconds.
  path: Assets/Audios/Opening 1 Full Metal Alchemist Brotherhood.mp3
  artifactKey: Guid(b77e7eb26ed02834db5a0b11646ef0fb) Importer(815301076,1909f56bfc062723c751e8b465ee728b)
Start importing Assets/Audios/Opening 1 Full Metal Alchemist Brotherhood.mp3 using Guid(b77e7eb26ed02834db5a0b11646ef0fb) Importer(815301076,1909f56bfc062723c751e8b465ee728b)  -> (artifact id: '3f1a55c3020a615d2345589ebaaf1356') in 0.112841 seconds 
  Import took 0.129071 seconds .

========================================================================
Received Import Request.
  Time since last request: 40.543020 seconds.
  path: Assets/Audios/Full Metal Alchemist Brotherhood - Opening 1 _ 4K _ 60FPS _ Creditless .mp3
  artifactKey: Guid(8f4205ede0dafd6459ae1f7ecb682240) Importer(815301076,1909f56bfc062723c751e8b465ee728b)
Start importing Assets/Audios/Full Metal Alchemist Brotherhood - Opening 1 _ 4K _ 60FPS _ Creditless .mp3 using Guid(8f4205ede0dafd6459ae1f7ecb682240) Importer(815301076,1909f56bfc062723c751e8b465ee728b)  -> (artifact id: 'ffb6025325a4e9b4023ff7dc61aee258') in 0.076515 seconds 
  Import took 0.095498 seconds .

========================================================================
Received Import Request.
  Time since last request: 76.153690 seconds.
  path: Assets/Audios/TVアニメ「進撃の巨人」The Final Season Part 2ノンクレジットED｜ヒグチアイ「悪魔の子」.mp3
  artifactKey: Guid(32cb51c2c664d224a91a19c4aeca4afb) Importer(815301076,1909f56bfc062723c751e8b465ee728b)
Start importing Assets/Audios/TVアニメ「進撃の巨人」The Final Season Part 2ノンクレジットED｜ヒグチアイ「悪魔の子」.mp3 using Guid(32cb51c2c664d224a91a19c4aeca4afb) Importer(815301076,1909f56bfc062723c751e8b465ee728b)  -> (artifact id: '7ccf4793cb2a70f88e5bf9b7102e18b3') in 0.168789 seconds 
  Import took 0.195758 seconds .

========================================================================
Received Import Request.
  Time since last request: 144.887730 seconds.
  path: Assets/Audios/JUJUTSU KAISEN - Opening _ Kaikai Kitan.mp3
  artifactKey: Guid(358910408aeb14f43b1a4f5edb88c9c2) Importer(815301076,1909f56bfc062723c751e8b465ee728b)
Start importing Assets/Audios/JUJUTSU KAISEN - Opening _ Kaikai Kitan.mp3 using Guid(358910408aeb14f43b1a4f5edb88c9c2) Importer(815301076,1909f56bfc062723c751e8b465ee728b)  -> (artifact id: '6a31057360fd256fe16b3000bf036a3c') in 0.135761 seconds 
  Import took 0.139827 seconds .

========================================================================
Received Import Request.
  Time since last request: 13.105514 seconds.
  path: Assets/Audios/Again - YUI.mp3
  artifactKey: Guid(8f4205ede0dafd6459ae1f7ecb682240) Importer(815301076,1909f56bfc062723c751e8b465ee728b)
Start importing Assets/Audios/Again - YUI.mp3 using Guid(8f4205ede0dafd6459ae1f7ecb682240) Importer(815301076,1909f56bfc062723c751e8b465ee728b)  -> (artifact id: 'e60451aac2851833ba262c8ba822d440') in 0.027988 seconds 
  Import took 0.033226 seconds .

========================================================================
Received Import Request.
  Time since last request: 29.396047 seconds.
  path: Assets/Audios/Kaikai KItan - Eve.mp3
  artifactKey: Guid(358910408aeb14f43b1a4f5edb88c9c2) Importer(815301076,1909f56bfc062723c751e8b465ee728b)
Start importing Assets/Audios/Kaikai KItan - Eve.mp3 using Guid(358910408aeb14f43b1a4f5edb88c9c2) Importer(815301076,1909f56bfc062723c751e8b465ee728b)  -> (artifact id: 'b40639401ff63f60f08bd4f1560cd6bb') in 0.020648 seconds 
  Import took 0.067689 seconds .

========================================================================
Received Import Request.
  Time since last request: 18.129604 seconds.
  path: Assets/Audios/Akuma.mp3
  artifactKey: Guid(32cb51c2c664d224a91a19c4aeca4afb) Importer(815301076,1909f56bfc062723c751e8b465ee728b)
Start importing Assets/Audios/Akuma.mp3 using Guid(32cb51c2c664d224a91a19c4aeca4afb) Importer(815301076,1909f56bfc062723c751e8b465ee728b)  -> (artifact id: 'd27518e03bbc9e71c35054bf16793cf8') in 0.023260 seconds 
  Import took 0.028088 seconds .

========================================================================
Received Import Request.
  Time since last request: 21.764902 seconds.
  path: Assets/Audios/Akuma no ko - Ai Higuchi.mp3
  artifactKey: Guid(32cb51c2c664d224a91a19c4aeca4afb) Importer(815301076,1909f56bfc062723c751e8b465ee728b)
Start importing Assets/Audios/Akuma no ko - Ai Higuchi.mp3 using Guid(32cb51c2c664d224a91a19c4aeca4afb) Importer(815301076,1909f56bfc062723c751e8b465ee728b)  -> (artifact id: 'f45eba5cbb62fb9fdb758d8b63b5e57b') in 0.027104 seconds 
  Import took 0.033589 seconds .

========================================================================
Received Import Request.
  Time since last request: 228.303653 seconds.
  path: Assets/Icons/toppng.com-lay-png-free-download-play-button-icon-1462x1462.png
  artifactKey: Guid(472727ca9dc33df40bb2d1926e56b9dd) Importer(815301076,1909f56bfc062723c751e8b465ee728b)
Start importing Assets/Icons/toppng.com-lay-png-free-download-play-button-icon-1462x1462.png using Guid(472727ca9dc33df40bb2d1926e56b9dd) Importer(815301076,1909f56bfc062723c751e8b465ee728b)  -> (artifact id: '9cd836547446eb97e26b9b432f9e6f90') in 0.039333 seconds 
  Import took 0.046051 seconds .

========================================================================
Received Import Request.
  Time since last request: 584.931915 seconds.
  path: Assets/Scripts/AudioManager.cs
  artifactKey: Guid(bc5b92236c6301849ba5efcf8fa8874e) Importer(815301076,1909f56bfc062723c751e8b465ee728b)
Start importing Assets/Scripts/AudioManager.cs using Guid(bc5b92236c6301849ba5efcf8fa8874e) Importer(815301076,1909f56bfc062723c751e8b465ee728b)  -> (artifact id: '4c98a22831c3cdcdece268c414625e02') in 0.005849 seconds 
  Import took 0.080917 seconds .

