Using pre-set license
Built from '2020.3/staging' branch; Version is '2020.3.19f1 (68f137dc9bbe) revision 6877495'; Using compiler version '192528614'; Build Type 'Release'
OS: 'Windows 10 Pro; OS build 19044.1526; Version 2009; 64bit' Language: 'es' Physical Memory: 16342 MB
BatchMode: 1, IsHumanControllingUs: 0, StartBugReporterOnCrash: 0, Is64bit: 1, IsPro: 0

COMMAND LINE ARGUMENTS:
C:\Program Files\Unity\Hub\Editor\2020.3.19f1\Editor\Unity.exe
-adb2
-batchMode
-noUpm
-name
AssetImportWorker0
-projectPath
D:/RowenLumanlan/entregable-8/Entregable 8
-logFile
Logs/AssetImportWorker0.log
-srvPort
61627
Successfully changed project path to: D:/RowenLumanlan/entregable-8/Entregable 8
D:/RowenLumanlan/entregable-8/Entregable 8
Using Asset Import Pipeline V2.
Refreshing native plugins compatible for Editor in 33.52 ms, found 2 plugins.
Preloading 0 native plugins for Editor in 0.00 ms.
Initialize engine version: 2020.3.19f1 (68f137dc9bbe)
[Subsystems] Discovering subsystems at path C:/Program Files/Unity/Hub/Editor/2020.3.19f1/Editor/Data/Resources/UnitySubsystems
[Subsystems] Discovering subsystems at path D:/RowenLumanlan/entregable-8/Entregable 8/Assets
GfxDevice: creating device client; threaded=0
Direct3D:
    Version:  Direct3D 11.0 [level 11.1]
    Renderer: NVIDIA GeForce GTX 1050 Ti (ID=0x1c82)
    Vendor:   
    VRAM:     4018 MB
    Driver:   27.21.14.5671
Initialize mono
Mono path[0] = 'C:/Program Files/Unity/Hub/Editor/2020.3.19f1/Editor/Data/Managed'
Mono path[1] = 'C:/Program Files/Unity/Hub/Editor/2020.3.19f1/Editor/Data/MonoBleedingEdge/lib/mono/unityjit'
Mono config path = 'C:/Program Files/Unity/Hub/Editor/2020.3.19f1/Editor/Data/MonoBleedingEdge/etc'
Using monoOptions --debugger-agent=transport=dt_socket,embedding=1,server=y,suspend=n,address=127.0.0.1:56004
Begin MonoManager ReloadAssembly
Registering precompiled unity dll's ...
Register platform support module: C:/Program Files/Unity/Hub/Editor/2020.3.19f1/Editor/Data/PlaybackEngines/WindowsStandaloneSupport/UnityEditor.WindowsStandalone.Extensions.dll
Registered in 0.002241 seconds.
Native extension for WindowsStandalone target not found
Refreshing native plugins compatible for Editor in 36.78 ms, found 2 plugins.
Preloading 0 native plugins for Editor in 0.00 ms.
Mono: successfully reloaded assembly
- Completed reload, in  1.208 seconds
Domain Reload Profiling:
	ReloadAssembly (1208ms)
		BeginReloadAssembly (60ms)
			ExecutionOrderSort (0ms)
			DisableScriptedObjects (0ms)
			BackupInstance (0ms)
			ReleaseScriptingObjects (0ms)
			CreateAndSetChildDomain (1ms)
		EndReloadAssembly (486ms)
			LoadAssemblies (58ms)
			RebuildTransferFunctionScriptingTraits (0ms)
			SetupTypeCache (175ms)
			ReleaseScriptCaches (0ms)
			RebuildScriptCaches (38ms)
			SetupLoadedEditorAssemblies (189ms)
				LogAssemblyErrors (0ms)
				InitializePlatformSupportModulesInManaged (5ms)
				SetLoadedEditorAssemblies (0ms)
				RefreshPlugins (37ms)
				BeforeProcessingInitializeOnLoad (21ms)
				ProcessInitializeOnLoadAttributes (93ms)
				ProcessInitializeOnLoadMethodAttributes (34ms)
				AfterProcessingInitializeOnLoad (0ms)
				EditorAssembliesLoaded (0ms)
			ExecutionOrderSort2 (0ms)
			AwakeInstancesAfterBackupRestoration (0ms)
Platform modules already initialized, skipping
Registering precompiled user dll's ...
Registered in 0.002273 seconds.
Begin MonoManager ReloadAssembly
Native extension for WindowsStandalone target not found
Refreshing native plugins compatible for Editor in 0.30 ms, found 2 plugins.
Preloading 0 native plugins for Editor in 0.00 ms.
Mono: successfully reloaded assembly
- Completed reload, in  1.142 seconds
Domain Reload Profiling:
	ReloadAssembly (1142ms)
		BeginReloadAssembly (161ms)
			ExecutionOrderSort (0ms)
			DisableScriptedObjects (5ms)
			BackupInstance (0ms)
			ReleaseScriptingObjects (0ms)
			CreateAndSetChildDomain (21ms)
		EndReloadAssembly (917ms)
			LoadAssemblies (87ms)
			RebuildTransferFunctionScriptingTraits (0ms)
			SetupTypeCache (291ms)
			ReleaseScriptCaches (0ms)
			RebuildScriptCaches (46ms)
			SetupLoadedEditorAssemblies (388ms)
				LogAssemblyErrors (0ms)
				InitializePlatformSupportModulesInManaged (5ms)
				SetLoadedEditorAssemblies (0ms)
				RefreshPlugins (0ms)
				BeforeProcessingInitializeOnLoad (88ms)
				ProcessInitializeOnLoadAttributes (281ms)
				ProcessInitializeOnLoadMethodAttributes (5ms)
				AfterProcessingInitializeOnLoad (8ms)
				EditorAssembliesLoaded (0ms)
			ExecutionOrderSort2 (0ms)
			AwakeInstancesAfterBackupRestoration (7ms)
Platform modules already initialized, skipping
========================================================================
Worker process is ready to serve import requests
Launched and connected shader compiler UnityShaderCompiler.exe after 0.06 seconds
Refreshing native plugins compatible for Editor in 0.30 ms, found 2 plugins.
Preloading 0 native plugins for Editor in 0.00 ms.
Unloading 1413 Unused Serialized files (Serialized files now loaded: 0)
System memory in use before: 67.1 MB.
System memory in use after: 67.2 MB.

Unloading 16 unused Assets to reduce memory usage. Loaded Objects now: 1849.
Total: 2.846300 ms (FindLiveObjects: 0.151500 ms CreateObjectMapping: 0.050100 ms MarkObjects: 2.565400 ms  DeleteObjects: 0.077900 ms)

AssetImportParameters requested are different than current active one (requested -> active):
  custom:framework-win-MediaFoundation: 216162199b28c13a410421893ffa2e32 -> 
  custom:video-decoder-ogg-theora: a1e56fd34408186e4bbccfd4996cb3dc -> 
  custom:container-muxer-webm: aa71ff27fc2769a1b78a27578f13a17b -> 
  custom:container-demuxer-webm: 4f35f7cbe854078d1ac9338744f61a02 -> 
  custom:container-demuxer-ogg: 62fdf1f143b41e24485cea50d1cbac27 -> 
  custom:video-encoder-webm-vp8: eb34c28f22e8b96e1ab97ce403110664 -> 
  custom:video-decoder-webm-vp8: 9c59270c3fd7afecdb556c50c9e8de78 -> 
  custom:audio-decoder-ogg-vorbis: bf7c407c2cedff20999df2af8eb42d56 -> 
  custom:audio-encoder-webm-vorbis: bf7c407c2cedff20999df2af8eb42d56 -> 
========================================================================
Received Import Request.
  path: Assets/New Prefab.prefab
  artifactKey: Guid(0282474f571c020429802443b868961f) Importer(815301076,1909f56bfc062723c751e8b465ee728b)
Start importing Assets/New Prefab.prefab using Guid(0282474f571c020429802443b868961f) Importer(815301076,1909f56bfc062723c751e8b465ee728b)  -> (artifact id: '3a5d65781bee0259b8b546b17f441813') in 0.049992 seconds 
  Import took 0.060942 seconds .

========================================================================
Received Import Request.
  Time since last request: 1.762740 seconds.
  path: Assets/Icons/e37d140289590d24b729be9f173ed97a.png
  artifactKey: Guid(f6869f75aecb75942814b934fc6ffbc4) Importer(815301076,1909f56bfc062723c751e8b465ee728b)
Start importing Assets/Icons/e37d140289590d24b729be9f173ed97a.png using Guid(f6869f75aecb75942814b934fc6ffbc4) Importer(815301076,1909f56bfc062723c751e8b465ee728b)  -> (artifact id: '0098175f1845fd02c485cf7017c8c580') in 0.043203 seconds 
  Import took 0.046454 seconds .

========================================================================
Received Import Request.
  Time since last request: 0.000284 seconds.
  path: Assets/Icons/pngwing.com (1).png
  artifactKey: Guid(a2dbf3f6106b7d34d877a79d875f2afe) Importer(815301076,1909f56bfc062723c751e8b465ee728b)
Start importing Assets/Icons/pngwing.com (1).png using Guid(a2dbf3f6106b7d34d877a79d875f2afe) Importer(815301076,1909f56bfc062723c751e8b465ee728b)  -> (artifact id: '649f2f38262fe62ee97d2b5046368519') in 0.008967 seconds 
  Import took 0.011428 seconds .

========================================================================
Received Import Request.
  Time since last request: 0.000202 seconds.
  path: Assets/Icons/pngwing.com (2).png
  artifactKey: Guid(ea5fba58cf4525544ad733a3a755819d) Importer(815301076,1909f56bfc062723c751e8b465ee728b)
Start importing Assets/Icons/pngwing.com (2).png using Guid(ea5fba58cf4525544ad733a3a755819d) Importer(815301076,1909f56bfc062723c751e8b465ee728b)  -> (artifact id: '4ed3ae373e427463b4581c2757d3749b') in 0.007856 seconds 
  Import took 0.033364 seconds .

========================================================================
Received Import Request.
  Time since last request: 0.000281 seconds.
  path: Assets/Icons/toppng.com-lay-png-free-download-play-button-icon-1462x1462.png
  artifactKey: Guid(472727ca9dc33df40bb2d1926e56b9dd) Importer(815301076,1909f56bfc062723c751e8b465ee728b)
Start importing Assets/Icons/toppng.com-lay-png-free-download-play-button-icon-1462x1462.png using Guid(472727ca9dc33df40bb2d1926e56b9dd) Importer(815301076,1909f56bfc062723c751e8b465ee728b)  -> (artifact id: 'b8df29e8b54744f4bf69228b034dc68c') in 0.005155 seconds 
  Import took 0.007517 seconds .

========================================================================
Received Import Request.
  Time since last request: 0.000189 seconds.
  path: Assets/Icons/pngwing.com.png
  artifactKey: Guid(722e7800ba4540747abcd3b6297768d8) Importer(815301076,1909f56bfc062723c751e8b465ee728b)
Start importing Assets/Icons/pngwing.com.png using Guid(722e7800ba4540747abcd3b6297768d8) Importer(815301076,1909f56bfc062723c751e8b465ee728b)  -> (artifact id: '0fc0808a730229f18183efeadff57417') in 0.005916 seconds 
  Import took 0.008846 seconds .

========================================================================
Received Import Request.
  Time since last request: 0.000217 seconds.
  path: Assets/Icons/pngwing.com (3).png
  artifactKey: Guid(5e41c3eb65a7a0746b890701486e1467) Importer(815301076,1909f56bfc062723c751e8b465ee728b)
Start importing Assets/Icons/pngwing.com (3).png using Guid(5e41c3eb65a7a0746b890701486e1467) Importer(815301076,1909f56bfc062723c751e8b465ee728b)  -> (artifact id: '92729ce67a01436c975a9e2c4348badd') in 0.005970 seconds 
  Import took 0.008982 seconds .

========================================================================
Received Import Request.
  Time since last request: 1.985066 seconds.
  path: Assets/Audios/Again - YUI.mp3
  artifactKey: Guid(8f4205ede0dafd6459ae1f7ecb682240) Importer(815301076,1909f56bfc062723c751e8b465ee728b)
Start importing Assets/Audios/Again - YUI.mp3 using Guid(8f4205ede0dafd6459ae1f7ecb682240) Importer(815301076,1909f56bfc062723c751e8b465ee728b)  -> (artifact id: 'e256377504bee45d74c6b7ef57fa13c8') in 0.054649 seconds 
  Import took 0.083472 seconds .

========================================================================
Received Import Request.
  Time since last request: 0.000262 seconds.
  path: Assets/Audios/Cry Baby - Official Hige Dandism.mp3
  artifactKey: Guid(d266378dbe3fd4446a08b0b837521511) Importer(815301076,1909f56bfc062723c751e8b465ee728b)
Start importing Assets/Audios/Cry Baby - Official Hige Dandism.mp3 using Guid(d266378dbe3fd4446a08b0b837521511) Importer(815301076,1909f56bfc062723c751e8b465ee728b)  -> (artifact id: '9177d7ba854fb6c41aaa098b5dda4190') in 0.011421 seconds 
  Import took 0.014057 seconds .

========================================================================
Received Import Request.
  Time since last request: 0.000213 seconds.
  path: Assets/Audios/Akuma no ko - Ai Higuchi.mp3
  artifactKey: Guid(32cb51c2c664d224a91a19c4aeca4afb) Importer(815301076,1909f56bfc062723c751e8b465ee728b)
Start importing Assets/Audios/Akuma no ko - Ai Higuchi.mp3 using Guid(32cb51c2c664d224a91a19c4aeca4afb) Importer(815301076,1909f56bfc062723c751e8b465ee728b)  -> (artifact id: '2aaef0e47ddba7fbe35a7b3fd333fd17') in 0.008875 seconds 
  Import took 0.024884 seconds .

========================================================================
Received Import Request.
  Time since last request: 0.000314 seconds.
  path: Assets/Audios/Gurenge - LiSA.mp3
  artifactKey: Guid(0ed6861f8f092144bb8529e34d9f25d8) Importer(815301076,1909f56bfc062723c751e8b465ee728b)
Start importing Assets/Audios/Gurenge - LiSA.mp3 using Guid(0ed6861f8f092144bb8529e34d9f25d8) Importer(815301076,1909f56bfc062723c751e8b465ee728b)  -> (artifact id: '6b562bc16275ebcf6526c6c708a407c1') in 0.009452 seconds 
  Import took 0.014060 seconds .

========================================================================
Received Import Request.
  Time since last request: 0.000253 seconds.
  path: Assets/Audios/Kaikai KItan - Eve.mp3
  artifactKey: Guid(358910408aeb14f43b1a4f5edb88c9c2) Importer(815301076,1909f56bfc062723c751e8b465ee728b)
Start importing Assets/Audios/Kaikai KItan - Eve.mp3 using Guid(358910408aeb14f43b1a4f5edb88c9c2) Importer(815301076,1909f56bfc062723c751e8b465ee728b)  -> (artifact id: '5340eff616a3d6ea0f04b45118f0b109') in 0.008142 seconds 
  Import took 0.023842 seconds .

========================================================================
Received Import Request.
  Time since last request: 113.349613 seconds.
  path: Assets/Scripts/AudioManager.cs
  artifactKey: Guid(bc5b92236c6301849ba5efcf8fa8874e) Importer(815301076,1909f56bfc062723c751e8b465ee728b)
Start importing Assets/Scripts/AudioManager.cs using Guid(bc5b92236c6301849ba5efcf8fa8874e) Importer(815301076,1909f56bfc062723c751e8b465ee728b)  -> (artifact id: '5c4f5bb6543a5810e4f0ece2df150ec7') in 0.008021 seconds 
  Import took 0.011000 seconds .

========================================================================
Received Import Request.
  Time since last request: 180.881878 seconds.
  path: Assets/Scripts/AudioManager.cs
  artifactKey: Guid(bc5b92236c6301849ba5efcf8fa8874e) Importer(815301076,1909f56bfc062723c751e8b465ee728b)
Start importing Assets/Scripts/AudioManager.cs using Guid(bc5b92236c6301849ba5efcf8fa8874e) Importer(815301076,1909f56bfc062723c751e8b465ee728b)  -> (artifact id: '9c9cda3159728205346c4b999aa22458') in 0.003191 seconds 
  Import took 0.006432 seconds .

========================================================================
Received Import Request.
  Time since last request: 162.739189 seconds.
  path: Assets/Scripts/AudioManager.cs
  artifactKey: Guid(bc5b92236c6301849ba5efcf8fa8874e) Importer(815301076,1909f56bfc062723c751e8b465ee728b)
Start importing Assets/Scripts/AudioManager.cs using Guid(bc5b92236c6301849ba5efcf8fa8874e) Importer(815301076,1909f56bfc062723c751e8b465ee728b)  -> (artifact id: 'dacd3172f1416af4927e2baf0876e405') in 0.002004 seconds 
  Import took 0.004930 seconds .

AssetImportWorkerClient::OnTransportError - code=2 error=End of file
